<?xml version="1.0" encoding="UTF-8"?>
<testng-results skipped="0" failed="0" ignored="0" total="1" passed="1">
  <reporter-output>
  </reporter-output>
  <suite name="[] Test Suite" duration-ms="6638" started-at="2019-06-10T14:16:28Z" finished-at="2019-06-10T14:16:34Z">
    <groups>
      <group name="functest">
        <method signature="DemoTest.demoTest()[pri:0, instance:tests.DemoTest@335eadca]" name="demoTest" class="tests.DemoTest"/>
      </group> <!-- functest -->
    </groups>
    <test name="[] Acceptance Tests" duration-ms="6638" started-at="2019-06-10T14:16:28Z" finished-at="2019-06-10T14:16:34Z">
      <class name="tests.DemoTest">
        <test-method status="PASS" signature="init()[pri:0, instance:tests.DemoTest@335eadca]" name="init" is-config="true" duration-ms="5809" started-at="2019-06-10T14:16:28Z" finished-at="2019-06-10T14:16:33Z">
          <reporter-output>
          </reporter-output>
        </test-method> <!-- init -->
        <test-method status="PASS" signature="demoTest()[pri:0, instance:tests.DemoTest@335eadca]" name="demoTest" duration-ms="264" started-at="2019-06-10T14:16:33Z" finished-at="2019-06-10T14:16:34Z">
          <reporter-output>
          </reporter-output>
        </test-method> <!-- demoTest -->
        <test-method status="PASS" signature="tearDown()[pri:0, instance:tests.DemoTest@335eadca]" name="tearDown" is-config="true" duration-ms="555" started-at="2019-06-10T14:16:34Z" finished-at="2019-06-10T14:16:34Z">
          <reporter-output>
          </reporter-output>
        </test-method> <!-- tearDown -->
      </class> <!-- tests.DemoTest -->
    </test> <!-- [] Acceptance Tests -->
  </suite> <!-- [] Test Suite -->
</testng-results>
